<?xml version="1.0" encoding="UTF-8"?>
<testng-results ignored="0" total="1" passed="1" failed="0" skipped="0">
  <reporter-output>
  </reporter-output>
  <suite started-at="2025-05-13T13:55:20 IST" name="Default suite" finished-at="2025-05-13T13:55:24 IST" duration-ms="4537">
    <groups>
    </groups>
    <test started-at="2025-05-13T13:55:20 IST" name="Default test" finished-at="2025-05-13T13:55:24 IST" duration-ms="4537">
      <class name="chapter8.Qn_6_UniversityNames_United_States">
        <test-method signature="getTotalUniversityCountWithLogging()[pri:0, instance:chapter8.Qn_6_UniversityNames_United_States@10e92f8f]" started-at="2025-05-13T13:55:20 IST" name="getTotalUniversityCountWithLogging" finished-at="2025-05-13T13:55:24 IST" duration-ms="4497" status="PASS">
          <reporter-output>
          </reporter-output>
        </test-method> <!-- getTotalUniversityCountWithLogging -->
      </class> <!-- chapter8.Qn_6_UniversityNames_United_States -->
    </test> <!-- Default test -->
  </suite> <!-- Default suite -->
</testng-results>
