<?xml version="1.0" encoding="UTF-8"?>
<testng-results ignored="0" total="1" passed="1" failed="0" skipped="0">
  <reporter-output>
  </reporter-output>
  <suite started-at="2025-06-13T08:53:29 IST" name="Default suite" finished-at="2025-06-13T08:53:31 IST" duration-ms="2047">
    <groups>
    </groups>
    <test started-at="2025-06-13T08:53:29 IST" name="Default test" finished-at="2025-06-13T08:53:31 IST" duration-ms="2047">
      <class name="ch3part2Assignments.Qn4_ApiResponseWithParam">
        <test-method signature="verify()[pri:0, instance:ch3part2Assignments.Qn4_ApiResponseWithParam@101952da]" started-at="2025-06-13T08:53:29 IST" name="verify" finished-at="2025-06-13T08:53:31 IST" duration-ms="2019" status="PASS">
          <reporter-output>
          </reporter-output>
        </test-method> <!-- verify -->
      </class> <!-- ch3part2Assignments.Qn4_ApiResponseWithParam -->
    </test> <!-- Default test -->
  </suite> <!-- Default suite -->
</testng-results>
